<?xml version="1.0" encoding="UTF-8"?>
<testsuite xmlns:xsi="http://www.w3.org/2001/XMLSchema-instance" xsi:schemaLocation="https://maven.apache.org/surefire/maven-surefire-plugin/xsd/surefire-test-report.xsd" name="TestSuite" time="0.591" tests="4" errors="0" skipped="0" failures="0">
  <properties>
    <property name="java.runtime.name" value="Java(TM) SE Runtime Environment"/>
    <property name="java.vm.version" value="18+36-2087"/>
    <property name="sun.boot.library.path" value="C:\Program Files\Java\jdk-18\bin"/>
    <property name="maven.multiModuleProjectDirectory" value="C:\Users\anicolle\eclipse-workspace\introduction"/>
    <property name="java.vm.vendor" value="Oracle Corporation"/>
    <property name="java.vendor.url" value="https://java.oracle.com/"/>
    <property name="guice.disable.misplaced.annotation.check" value="true"/>
    <property name="path.separator" value=";"/>
    <property name="java.vm.name" value="Java HotSpot(TM) 64-Bit Server VM"/>
    <property name="sun.os.patch.level" value=""/>
    <property name="user.script" value=""/>
    <property name="user.country" value="BR"/>
    <property name="sun.java.launcher" value="SUN_STANDARD"/>
    <property name="java.vm.specification.name" value="Java Virtual Machine Specification"/>
    <property name="user.dir" value="C:\Users\anicolle\eclipse-workspace\introduction"/>
    <property name="java.vm.compressedOopsMode" value="Zero based"/>
    <property name="java.runtime.version" value="18+36-2087"/>
    <property name="os.arch" value="amd64"/>
    <property name="java.io.tmpdir" value="C:\Users\anicolle\AppData\Local\Temp\"/>
    <property name="line.separator" value="&#10;"/>
    <property name="java.vm.specification.vendor" value="Oracle Corporation"/>
    <property name="user.variant" value=""/>
    <property name="os.name" value="Windows 10"/>
    <property name="classworlds.conf" value="C:\Java\Maven\bin\m2.conf"/>
    <property name="sun.jnu.encoding" value="Cp1252"/>
    <property name="java.library.path" value="C:\Program Files\Java\jdk-18\bin;C:\WINDOWS\Sun\Java\bin;C:\WINDOWS\system32;C:\WINDOWS;C:\Program Files\Java\jdk-18\bin;C:\WINDOWS\system32;C:\WINDOWS;C:\WINDOWS\System32\Wbem;C:\WINDOWS\System32\WindowsPowerShell\v1.0\;C:\WINDOWS\System32\OpenSSH\;C:\Program Files\TortoiseSVN\bin;C:\Program Files\nodejs\;C:\Users\anicolle\AppData\Local\Android\Sdk\tools\bin;C:\Users\anicolle\AppData\Local\Android\Sdk\platform-tools;\WINDOWSTUXDIR\WINDOWS\bin;\WINDOWSTERRAPIN_DIR\WINDOWS;\WINDOWSJDIC_DIR\WINDOWS;\WINDOWSTUXDIR\WINDOWS\bin;\WINDOWSTERRAPIN_DIR\WINDOWS;\WINDOWSJDIC_DIR\WINDOWS;C:\Program Files\Docker\Docker\resources\bin;C:\ProgramData\DockerDesktop\version-bin;C:\Java\Maven\bin;C:\Program Files\Common Files\Oracle\Java\javapath;C:\Users\anicolle\AppData\Roaming\npm;C:\Users\anicolle\AppData\Roaming\npm\node_modules\@angular\cli\bin;c:\Tuxedo\Tuxedo9.0\bin;C:\Program Files\Java\jdk-18\bin;C:\Program Files\Java\jdk1.8.0_301\bin;C:\Program Files\Common Files\Oracle\Java\javapath;C:\WINDOWS\system32;C:\WINDOWS;C:\WINDOWS\System32\Wbem;C:\WINDOWS\System32\WindowsPowerShell\v1.0\;C:\WINDOWS\System32\OpenSSH\;C:\Program Files\TortoiseSVN\bin;C:\Program Files\nodejs\;C:\maven\bin;C:\Users\anicolle\AppData\Local\Android\Sdk\tools\bin;C:\Users\anicolle\AppData\Local\Android\Sdk\platform-tools;C:\oracle\ora817\bin;C:\Program Files (x86)\Oracle\jre\1.1.7\bin;C:\oracle\ora817\bin;C:\Program Files (x86)\Oracle\jre\1.1.7\bin;C:\oracle\ora817\bin;C:\Program Files (x86)\Oracle\jre\1.1.7\bin;C:\oracle\ora817\bin;C:\Program Files (x86)\Oracle\jre\1.1.7\bin;\WINDOWSTUXDIR\WINDOWS\bin;\WINDOWSTERRAPIN_DIR\WINDOWS;\WINDOWSJDIC_DIR\WINDOWS;C:\KenanFX\FXLauncher\Terrapin;C:\KenanFX\FXLauncher\jdic-20061102-bin-win;c:\Tuxedo\Tuxedo9.0\bin;c:\Tuxedo\Tuxedo9.0\jre\bin\server;c:\Tuxedo\Tuxedo9.0\jre\bin;\WINDOWSTUXDIR\WINDOWS\bin;\WINDOWSTERRAPIN_DIR\WINDOWS;\WINDOWSJDIC_DIR\WINDO;C:\Users\anicolle\AppData\Local\Programs\Git\cmd;C:\Users\anicolle\AppData\Local\Programs\Microsoft VS Code\bin;."/>
    <property name="maven.conf" value="C:\Java\Maven/conf"/>
    <property name="jdk.debug" value="release"/>
    <property name="java.class.version" value="62.0"/>
    <property name="java.specification.name" value="Java Platform API Specification"/>
    <property name="sun.management.compiler" value="HotSpot 64-Bit Tiered Compilers"/>
    <property name="os.version" value="10.0"/>
    <property name="library.jansi.path" value="C:\Java\Maven\lib\jansi-native"/>
    <property name="user.home" value="C:\Users\anicolle"/>
    <property name="user.timezone" value="America/Sao_Paulo"/>
    <property name="file.encoding" value="UTF-8"/>
    <property name="java.specification.version" value="18"/>
    <property name="user.name" value="anicolle"/>
    <property name="java.class.path" value="C:\Java\Maven\boot\plexus-classworlds-2.6.0.jar"/>
    <property name="java.vm.specification.version" value="18"/>
    <property name="sun.arch.data.model" value="64"/>
    <property name="sun.java.command" value="org.codehaus.plexus.classworlds.launcher.Launcher test -PRegression"/>
    <property name="java.home" value="C:\Program Files\Java\jdk-18"/>
    <property name="user.language" value="pt"/>
    <property name="java.specification.vendor" value="Oracle Corporation"/>
    <property name="java.vm.info" value="mixed mode, sharing"/>
    <property name="java.version" value="18"/>
    <property name="native.encoding" value="Cp1252"/>
    <property name="java.vendor" value="Oracle Corporation"/>
    <property name="sun.stderr.encoding" value="cp850"/>
    <property name="maven.home" value="C:\Java\Maven"/>
    <property name="file.separator" value="\"/>
    <property name="java.version.date" value="2022-03-22"/>
    <property name="java.vendor.url.bug" value="https://bugreport.java.com/bugreport/"/>
    <property name="sun.io.unicode.encoding" value="UnicodeLittle"/>
    <property name="sun.cpu.endian" value="little"/>
    <property name="sun.stdout.encoding" value="cp850"/>
    <property name="sun.cpu.isalist" value="amd64"/>
  </properties>
  <testcase name="iosApp" classname="maven.AppiumTest" time="0.007"/>
  <testcase name="nativeAppAndroid" classname="maven.AppiumTest" time="0"/>
  <testcase name="deleteTwitter" classname="maven.RestAPITest" time="0.001"/>
  <testcase name="postJira" classname="maven.RestAPITest" time="0"/>
</testsuite>