<?xml version="1.0" encoding="UTF-8"?>
<!-- Generated by org.testng.reporters.JUnitReportReporter -->
<testsuite hostname="UDI-D5MNN33" failures="0" tests="2" name="maven.AppiumTest" time="0.007" errors="0" timestamp="2022-05-07T09:42:04 BRT" skipped="0">
  <testcase classname="maven.AppiumTest" name="iosApp" time="0.007"/>
  <system-out/>
  <testcase classname="maven.AppiumTest" name="nativeAppAndroid" time="0.000"/>
  <system-out/>
</testsuite> <!-- maven.AppiumTest -->
