<?xml version="1.0" encoding="UTF-8"?>
<!-- Generated by org.testng.reporters.JUnitReportReporter -->
<testsuite hostname="UDI-D5MNN33" failures="0" tests="2" name="maven.RestAPITest" time="0.002" errors="0" timestamp="2022-05-07T09:42:04 BRT" skipped="0">
  <testcase classname="maven.RestAPITest" name="postJira" time="0.001"/>
  <system-out/>
  <testcase classname="maven.RestAPITest" name="deleteTwitter" time="0.001"/>
  <system-out/>
</testsuite> <!-- maven.RestAPITest -->
